# JRE version: OpenJDK Runtime Environment (8.0_212-b04) (build 1.8.0_212-release-1586-b04)
# Java VM: OpenJDK 64-Bit Server VM (25.212-b04 mixed mode windows-amd64 compressed oops)
Heap:
 PSYoungGen      total 132096K, used 17463K [0x00000000e0000000, 0x00000000eda00000, 0x0000000100000000)
  eden space 120832K, 5% used [0x00000000e0000000,0x00000000e0611970,0x00000000e7600000)
  from space 11264K, 99% used [0x00000000e7600000,0x00000000e80fc4f0,0x00000000e8100000)
  to   space 13312K, 0% used [0x00000000ecd00000,0x00000000ecd00000,0x00000000eda00000)
 ParOldGen       total 55296K, used 8785K [0x00000000a0000000, 0x00000000a3600000, 0x00000000e0000000)
  object space 55296K, 15% used [0x00000000a0000000,0x00000000a08944f8,0x00000000a3600000)
 Metaspace       used 31688K, capacity 32244K, committed 32512K, reserved 1077248K
  class space    used 4350K, capacity 4559K, committed 4608K, reserved 1048576K
GC Heap History (10 events):
Event: 2.334 GC heap before
{Heap before GC invocations=4 (full 0):
 PSYoungGen      total 34816K, used 34816K [0x00000000e0000000, 0x00000000e4400000, 0x0000000100000000)
  eden space 30208K, 100% used [0x00000000e0000000,0x00000000e1d80000,0x00000000e1d80000)
  from space 4608K, 100% used [0x00000000e1d80000,0x00000000e2200000,0x00000000e2200000)
  to   space 4608K, 0% used [0x00000000e3f80000,0x00000000e3f80000,0x00000000e4400000)
 ParOldGen       total 79360K, used 1280K [0x00000000a0000000, 0x00000000a4d80000, 0x00000000e0000000)
  object space 79360K, 1% used [0x00000000a0000000,0x00000000a01403a0,0x00000000a4d80000)
 Metaspace       used 14283K, capacity 14690K, committed 14976K, reserved 1062912K
  class space    used 1987K, capacity 2131K, committed 2176K, reserved 1048576K
Event: 2.348 GC heap after
Heap after GC invocations=4 (full 0):
 PSYoungGen      total 65024K, used 4592K [0x00000000e0000000, 0x00000000e4400000, 0x0000000100000000)
  eden space 60416K, 0% used [0x00000000e0000000,0x00000000e0000000,0x00000000e3b00000)
  from space 4608K, 99% used [0x00000000e3f80000,0x00000000e43fc010,0x00000000e4400000)
  to   space 4608K, 0% used [0x00000000e3b00000,0x00000000e3b00000,0x00000000e3f80000)
 ParOldGen       total 79360K, used 3997K [0x00000000a0000000, 0x00000000a4d80000, 0x00000000e0000000)
  object space 79360K, 5% used [0x00000000a0000000,0x00000000a03e76d0,0x00000000a4d80000)
 Metaspace       used 14283K, capacity 14690K, committed 14976K, reserved 1062912K
  class space    used 1987K, capacity 2131K, committed 2176K, reserved 1048576K
}
Event: 3.514 GC heap before
{Heap before GC invocations=5 (full 0):
 PSYoungGen      total 65024K, used 65008K [0x00000000e0000000, 0x00000000e4400000, 0x0000000100000000)
  eden space 60416K, 100% used [0x00000000e0000000,0x00000000e3b00000,0x00000000e3b00000)
  from space 4608K, 99% used [0x00000000e3f80000,0x00000000e43fc010,0x00000000e4400000)
  to   space 4608K, 0% used [0x00000000e3b00000,0x00000000e3b00000,0x00000000e3f80000)
 ParOldGen       total 79360K, used 3997K [0x00000000a0000000, 0x00000000a4d80000, 0x00000000e0000000)
  object space 79360K, 5% used [0x00000000a0000000,0x00000000a03e76d0,0x00000000a4d80000)
 Metaspace       used 19346K, capacity 19876K, committed 20224K, reserved 1067008K
  class space    used 2799K, capacity 3002K, committed 3072K, reserved 1048576K
Event: 3.534 GC heap after
Heap after GC invocations=5 (full 0):
 PSYoungGen      total 65024K, used 4596K [0x00000000e0000000, 0x00000000e8d00000, 0x0000000100000000)
  eden space 60416K, 0% used [0x00000000e0000000,0x00000000e0000000,0x00000000e3b00000)
  from space 4608K, 99% used [0x00000000e3b00000,0x00000000e3f7d040,0x00000000e3f80000)
  to   space 11776K, 0% used [0x00000000e8180000,0x00000000e8180000,0x00000000e8d00000)
 ParOldGen       total 79360K, used 10522K [0x00000000a0000000, 0x00000000a4d80000, 0x00000000e0000000)
  object space 79360K, 13% used [0x00000000a0000000,0x00000000a0a46990,0x00000000a4d80000)
 Metaspace       used 19346K, capacity 19876K, committed 20224K, reserved 1067008K
  class space    used 2799K, capacity 3002K, committed 3072K, reserved 1048576K
}
Event: 3.713 GC heap before
{Heap before GC invocations=6 (full 0):
 PSYoungGen      total 65024K, used 15288K [0x00000000e0000000, 0x00000000e8d00000, 0x0000000100000000)
  eden space 60416K, 17% used [0x00000000e0000000,0x00000000e0a71300,0x00000000e3b00000)
  from space 4608K, 99% used [0x00000000e3b00000,0x00000000e3f7d040,0x00000000e3f80000)
  to   space 11776K, 0% used [0x00000000e8180000,0x00000000e8180000,0x00000000e8d00000)
 ParOldGen       total 79360K, used 10522K [0x00000000a0000000, 0x00000000a4d80000, 0x00000000e0000000)
  object space 79360K, 13% used [0x00000000a0000000,0x00000000a0a46990,0x00000000a4d80000)
 Metaspace       used 20645K, capacity 21138K, committed 21296K, reserved 1067008K
  class space    used 2982K, capacity 3165K, committed 3200K, reserved 1048576K
Event: 3.723 GC heap after
Heap after GC invocations=6 (full 0):
 PSYoungGen      total 131584K, used 6165K [0x00000000e0000000, 0x00000000e8c00000, 0x0000000100000000)
  eden space 120832K, 0% used [0x00000000e0000000,0x00000000e0000000,0x00000000e7600000)
  from space 10752K, 57% used [0x00000000e8180000,0x00000000e8785608,0x00000000e8c00000)
  to   space 11264K, 0% used [0x00000000e7600000,0x00000000e7600000,0x00000000e8100000)
 ParOldGen       total 79360K, used 10530K [0x00000000a0000000, 0x00000000a4d80000, 0x00000000e0000000)
  object space 79360K, 13% used [0x00000000a0000000,0x00000000a0a48990,0x00000000a4d80000)
 Metaspace       used 20645K, capacity 21138K, committed 21296K, reserved 1067008K
  class space    used 2982K, capacity 3165K, committed 3200K, reserved 1048576K
}
Event: 3.723 GC heap before
{Heap before GC invocations=7 (full 1):
 PSYoungGen      total 131584K, used 6165K [0x00000000e0000000, 0x00000000e8c00000, 0x0000000100000000)
  eden space 120832K, 0% used [0x00000000e0000000,0x00000000e0000000,0x00000000e7600000)
  from space 10752K, 57% used [0x00000000e8180000,0x00000000e8785608,0x00000000e8c00000)
  to   space 11264K, 0% used [0x00000000e7600000,0x00000000e7600000,0x00000000e8100000)
 ParOldGen       total 79360K, used 10530K [0x00000000a0000000, 0x00000000a4d80000, 0x00000000e0000000)
  object space 79360K, 13% used [0x00000000a0000000,0x00000000a0a48990,0x00000000a4d80000)
 Metaspace       used 20645K, capacity 21138K, committed 21296K, reserved 1067008K
  class space    used 2982K, capacity 3165K, committed 3200K, reserved 1048576K
Event: 3.774 GC heap after
Heap after GC invocations=7 (full 1):
 PSYoungGen      total 131584K, used 0K [0x00000000e0000000, 0x00000000e8c00000, 0x0000000100000000)
  eden space 120832K, 0% used [0x00000000e0000000,0x00000000e0000000,0x00000000e7600000)
  from space 10752K, 0% used [0x00000000e8180000,0x00000000e8180000,0x00000000e8c00000)
  to   space 11264K, 0% used [0x00000000e7600000,0x00000000e7600000,0x00000000e8100000)
 ParOldGen       total 55296K, used 8096K [0x00000000a0000000, 0x00000000a3600000, 0x00000000e0000000)
  object space 55296K, 14% used [0x00000000a0000000,0x00000000a07e81a8,0x00000000a3600000)
 Metaspace       used 20645K, capacity 21138K, committed 21296K, reserved 1067008K
  class space    used 2982K, capacity 3165K, committed 3200K, reserved 1048576K
}
Event: 5.630 GC heap before
{Heap before GC invocations=8 (full 1):
 PSYoungGen      total 131584K, used 120832K [0x00000000e0000000, 0x00000000e8c00000, 0x0000000100000000)
  eden space 120832K, 100% used [0x00000000e0000000,0x00000000e7600000,0x00000000e7600000)
  from space 10752K, 0% used [0x00000000e8180000,0x00000000e8180000,0x00000000e8c00000)
  to   space 11264K, 0% used [0x00000000e7600000,0x00000000e7600000,0x00000000e8100000)
 ParOldGen       total 55296K, used 8096K [0x00000000a0000000, 0x00000000a3600000, 0x00000000e0000000)
  object space 55296K, 14% used [0x00000000a0000000,0x00000000a07e81a8,0x00000000a3600000)
 Metaspace       used 31543K, capacity 32116K, committed 32512K, reserved 1077248K
  class space    used 4327K, capacity 4559K, committed 4608K, reserved 1048576K
Event: 5.656 GC heap after
Heap after GC invocations=8 (full 1):
 PSYoungGen      total 132096K, used 11249K [0x00000000e0000000, 0x00000000eda00000, 0x0000000100000000)
  eden space 120832K, 0% used [0x00000000e0000000,0x00000000e0000000,0x00000000e7600000)
  from space 11264K, 99% used [0x00000000e7600000,0x00000000e80fc4f0,0x00000000e8100000)
  to   space 13312K, 0% used [0x00000000ecd00000,0x00000000ecd00000,0x00000000eda00000)
 ParOldGen       total 55296K, used 8785K [0x00000000a0000000, 0x00000000a3600000, 0x00000000e0000000)
  object space 55296K, 15% used [0x00000000a0000000,0x00000000a08944f8,0x00000000a3600000)
 Metaspace       used 31543K, capacity 32116K, committed 32512K, reserved 1077248K
  class space    used 4327K, capacity 4559K, committed 4608K, reserved 1048576K
}

