# JRE version: OpenJDK Runtime Environment (8.0_212-b04) (build 1.8.0_212-release-1586-b04)
# Java VM: OpenJDK 64-Bit Server VM (25.212-b04 mixed mode windows-amd64 compressed oops)
Heap:
 PSYoungGen      total 101376K, used 10832K [0x00000000e0000000, 0x00000000e6e00000, 0x0000000100000000)
  eden space 91136K, 11% used [0x00000000e0000000,0x00000000e0a94380,0x00000000e5900000)
  from space 10240K, 0% used [0x00000000e6400000,0x00000000e6400000,0x00000000e6e00000)
  to   space 10752K, 0% used [0x00000000e5900000,0x00000000e5900000,0x00000000e6380000)
 ParOldGen       total 59392K, used 13946K [0x00000000a0000000, 0x00000000a3a00000, 0x00000000e0000000)
  object space 59392K, 23% used [0x00000000a0000000,0x00000000a0d9e890,0x00000000a3a00000)
 Metaspace       used 35087K, capacity 35840K, committed 36096K, reserved 1081344K
  class space    used 4625K, capacity 4849K, committed 4864K, reserved 1048576K
GC Heap History (10 events):
Event: 11.511 GC heap before
{Heap before GC invocations=16 (full 1):
 PSYoungGen      total 84480K, used 74459K [0x00000000e0000000, 0x00000000e5f00000, 0x0000000100000000)
  eden space 72704K, 100% used [0x00000000e0000000,0x00000000e4700000,0x00000000e4700000)
  from space 11776K, 14% used [0x00000000e5380000,0x00000000e5536e18,0x00000000e5f00000)
  to   space 12288K, 0% used [0x00000000e4700000,0x00000000e4700000,0x00000000e5300000)
 ParOldGen       total 59392K, used 31353K [0x00000000a0000000, 0x00000000a3a00000, 0x00000000e0000000)
  object space 59392K, 52% used [0x00000000a0000000,0x00000000a1e9e4d0,0x00000000a3a00000)
 Metaspace       used 33175K, capacity 33698K, committed 33920K, reserved 1079296K
  class space    used 4481K, capacity 4647K, committed 4736K, reserved 1048576K
Event: 11.515 GC heap after
Heap after GC invocations=16 (full 1):
 PSYoungGen      total 84992K, used 448K [0x00000000e0000000, 0x00000000e5f00000, 0x0000000100000000)
  eden space 72704K, 0% used [0x00000000e0000000,0x00000000e0000000,0x00000000e4700000)
  from space 12288K, 3% used [0x00000000e4700000,0x00000000e4770000,0x00000000e5300000)
  to   space 11776K, 0% used [0x00000000e5380000,0x00000000e5380000,0x00000000e5f00000)
 ParOldGen       total 59392K, used 33052K [0x00000000a0000000, 0x00000000a3a00000, 0x00000000e0000000)
  object space 59392K, 55% used [0x00000000a0000000,0x00000000a20472e8,0x00000000a3a00000)
 Metaspace       used 33175K, capacity 33698K, committed 33920K, reserved 1079296K
  class space    used 4481K, capacity 4647K, committed 4736K, reserved 1048576K
}
Event: 11.926 GC heap before
{Heap before GC invocations=17 (full 1):
 PSYoungGen      total 84992K, used 73152K [0x00000000e0000000, 0x00000000e5f00000, 0x0000000100000000)
  eden space 72704K, 100% used [0x00000000e0000000,0x00000000e4700000,0x00000000e4700000)
  from space 12288K, 3% used [0x00000000e4700000,0x00000000e4770000,0x00000000e5300000)
  to   space 11776K, 0% used [0x00000000e5380000,0x00000000e5380000,0x00000000e5f00000)
 ParOldGen       total 59392K, used 33052K [0x00000000a0000000, 0x00000000a3a00000, 0x00000000e0000000)
  object space 59392K, 55% used [0x00000000a0000000,0x00000000a20472e8,0x00000000a3a00000)
 Metaspace       used 33182K, capacity 33698K, committed 33920K, reserved 1079296K
  class space    used 4481K, capacity 4647K, committed 4736K, reserved 1048576K
Event: 11.930 GC heap after
Heap after GC invocations=17 (full 1):
 PSYoungGen      total 84480K, used 2404K [0x00000000e0000000, 0x00000000e5f00000, 0x0000000100000000)
  eden space 72704K, 0% used [0x00000000e0000000,0x00000000e0000000,0x00000000e4700000)
  from space 11776K, 20% used [0x00000000e5380000,0x00000000e55d9278,0x00000000e5f00000)
  to   space 12288K, 0% used [0x00000000e4700000,0x00000000e4700000,0x00000000e5300000)
 ParOldGen       total 59392K, used 33396K [0x00000000a0000000, 0x00000000a3a00000, 0x00000000e0000000)
  object space 59392K, 56% used [0x00000000a0000000,0x00000000a209d2e8,0x00000000a3a00000)
 Metaspace       used 33182K, capacity 33698K, committed 33920K, reserved 1079296K
  class space    used 4481K, capacity 4647K, committed 4736K, reserved 1048576K
}
Event: 12.287 GC heap before
{Heap before GC invocations=18 (full 1):
 PSYoungGen      total 84480K, used 75108K [0x00000000e0000000, 0x00000000e5f00000, 0x0000000100000000)
  eden space 72704K, 100% used [0x00000000e0000000,0x00000000e4700000,0x00000000e4700000)
  from space 11776K, 20% used [0x00000000e5380000,0x00000000e55d9278,0x00000000e5f00000)
  to   space 12288K, 0% used [0x00000000e4700000,0x00000000e4700000,0x00000000e5300000)
 ParOldGen       total 59392K, used 33396K [0x00000000a0000000, 0x00000000a3a00000, 0x00000000e0000000)
  object space 59392K, 56% used [0x00000000a0000000,0x00000000a209d2e8,0x00000000a3a00000)
 Metaspace       used 33215K, capacity 33794K, committed 33920K, reserved 1079296K
  class space    used 4487K, capacity 4679K, committed 4736K, reserved 1048576K
Event: 12.293 GC heap after
Heap after GC invocations=18 (full 1):
 PSYoungGen      total 84992K, used 2450K [0x00000000e0000000, 0x00000000e6f00000, 0x0000000100000000)
  eden space 72704K, 0% used [0x00000000e0000000,0x00000000e0000000,0x00000000e4700000)
  from space 12288K, 19% used [0x00000000e4700000,0x00000000e4964970,0x00000000e5300000)
  to   space 11264K, 0% used [0x00000000e6400000,0x00000000e6400000,0x00000000e6f00000)
 ParOldGen       total 59392K, used 35740K [0x00000000a0000000, 0x00000000a3a00000, 0x00000000e0000000)
  object space 59392K, 60% used [0x00000000a0000000,0x00000000a22e72e8,0x00000000a3a00000)
 Metaspace       used 33215K, capacity 33794K, committed 33920K, reserved 1079296K
  class space    used 4487K, capacity 4679K, committed 4736K, reserved 1048576K
}
Event: 12.829 GC heap before
{Heap before GC invocations=19 (full 1):
 PSYoungGen      total 84992K, used 69917K [0x00000000e0000000, 0x00000000e6f00000, 0x0000000100000000)
  eden space 72704K, 92% used [0x00000000e0000000,0x00000000e41e2e48,0x00000000e4700000)
  from space 12288K, 19% used [0x00000000e4700000,0x00000000e4964970,0x00000000e5300000)
  to   space 11264K, 0% used [0x00000000e6400000,0x00000000e6400000,0x00000000e6f00000)
 ParOldGen       total 59392K, used 35740K [0x00000000a0000000, 0x00000000a3a00000, 0x00000000e0000000)
  object space 59392K, 60% used [0x00000000a0000000,0x00000000a22e72e8,0x00000000a3a00000)
 Metaspace       used 34627K, capacity 35372K, committed 35496K, reserved 1079296K
  class space    used 4574K, capacity 4797K, committed 4864K, reserved 1048576K
Event: 12.836 GC heap after
Heap after GC invocations=19 (full 1):
 PSYoungGen      total 101376K, used 2818K [0x00000000e0000000, 0x00000000e6e00000, 0x0000000100000000)
  eden space 91136K, 0% used [0x00000000e0000000,0x00000000e0000000,0x00000000e5900000)
  from space 10240K, 27% used [0x00000000e6400000,0x00000000e66c09c8,0x00000000e6e00000)
  to   space 10752K, 0% used [0x00000000e5900000,0x00000000e5900000,0x00000000e6380000)
 ParOldGen       total 59392K, used 38143K [0x00000000a0000000, 0x00000000a3a00000, 0x00000000e0000000)
  object space 59392K, 64% used [0x00000000a0000000,0x00000000a253fc58,0x00000000a3a00000)
 Metaspace       used 34627K, capacity 35372K, committed 35496K, reserved 1079296K
  class space    used 4574K, capacity 4797K, committed 4864K, reserved 1048576K
}
Event: 12.837 GC heap before
{Heap before GC invocations=20 (full 2):
 PSYoungGen      total 101376K, used 2818K [0x00000000e0000000, 0x00000000e6e00000, 0x0000000100000000)
  eden space 91136K, 0% used [0x00000000e0000000,0x00000000e0000000,0x00000000e5900000)
  from space 10240K, 27% used [0x00000000e6400000,0x00000000e66c09c8,0x00000000e6e00000)
  to   space 10752K, 0% used [0x00000000e5900000,0x00000000e5900000,0x00000000e6380000)
 ParOldGen       total 59392K, used 38143K [0x00000000a0000000, 0x00000000a3a00000, 0x00000000e0000000)
  object space 59392K, 64% used [0x00000000a0000000,0x00000000a253fc58,0x00000000a3a00000)
 Metaspace       used 34627K, capacity 35372K, committed 35496K, reserved 1079296K
  class space    used 4574K, capacity 4797K, committed 4864K, reserved 1048576K
Event: 12.910 GC heap after
Heap after GC invocations=20 (full 2):
 PSYoungGen      total 101376K, used 0K [0x00000000e0000000, 0x00000000e6e00000, 0x0000000100000000)
  eden space 91136K, 0% used [0x00000000e0000000,0x00000000e0000000,0x00000000e5900000)
  from space 10240K, 0% used [0x00000000e6400000,0x00000000e6400000,0x00000000e6e00000)
  to   space 10752K, 0% used [0x00000000e5900000,0x00000000e5900000,0x00000000e6380000)
 ParOldGen       total 59392K, used 13946K [0x00000000a0000000, 0x00000000a3a00000, 0x00000000e0000000)
  object space 59392K, 23% used [0x00000000a0000000,0x00000000a0d9e890,0x00000000a3a00000)
 Metaspace       used 34561K, capacity 35244K, committed 35496K, reserved 1079296K
  class space    used 4556K, capacity 4777K, committed 4864K, reserved 1048576K
}

