# JRE version: OpenJDK Runtime Environment (8.0_212-b04) (build 1.8.0_212-release-1586-b04)
# Java VM: OpenJDK 64-Bit Server VM (25.212-b04 mixed mode windows-amd64 compressed oops)
Heap:
 PSYoungGen      total 208896K, used 91650K [0x00000000e0000000, 0x00000000f0400000, 0x0000000100000000)
  eden space 194560K, 47% used [0x00000000e0000000,0x00000000e5980880,0x00000000ebe00000)
  from space 14336K, 0% used [0x00000000ee800000,0x00000000ee800000,0x00000000ef600000)
  to   space 12288K, 0% used [0x00000000ef800000,0x00000000ef800000,0x00000000f0400000)
 ParOldGen       total 87040K, used 16921K [0x00000000a0000000, 0x00000000a5500000, 0x00000000e0000000)
  object space 87040K, 19% used [0x00000000a0000000,0x00000000a1086558,0x00000000a5500000)
 Metaspace       used 43780K, capacity 44872K, committed 45224K, reserved 1087488K
  class space    used 5912K, capacity 6188K, committed 6312K, reserved 1048576K
GC Heap History (10 events):
Event: 3.322 GC heap before
{Heap before GC invocations=5 (full 0):
 PSYoungGen      total 125440K, used 20750K [0x00000000e0000000, 0x00000000e7f00000, 0x0000000100000000)
  eden space 120832K, 13% used [0x00000000e0000000,0x00000000e0fcb9f8,0x00000000e7600000)
  from space 4608K, 99% used [0x00000000e7a80000,0x00000000e7ef8030,0x00000000e7f00000)
  to   space 4608K, 0% used [0x00000000e7600000,0x00000000e7600000,0x00000000e7a80000)
 ParOldGen       total 79360K, used 10728K [0x00000000a0000000, 0x00000000a4d80000, 0x00000000e0000000)
  object space 79360K, 13% used [0x00000000a0000000,0x00000000a0a7a2e0,0x00000000a4d80000)
 Metaspace       used 20726K, capacity 21202K, committed 21296K, reserved 1067008K
  class space    used 3001K, capacity 3165K, committed 3200K, reserved 1048576K
Event: 3.337 GC heap after
Heap after GC invocations=5 (full 0):
 PSYoungGen      total 125440K, used 4596K [0x00000000e0000000, 0x00000000f0400000, 0x0000000100000000)
  eden space 120832K, 0% used [0x00000000e0000000,0x00000000e0000000,0x00000000e7600000)
  from space 4608K, 99% used [0x00000000e7600000,0x00000000e7a7d040,0x00000000e7a80000)
  to   space 12288K, 0% used [0x00000000ef800000,0x00000000ef800000,0x00000000f0400000)
 ParOldGen       total 79360K, used 12672K [0x00000000a0000000, 0x00000000a4d80000, 0x00000000e0000000)
  object space 79360K, 15% used [0x00000000a0000000,0x00000000a0c60238,0x00000000a4d80000)
 Metaspace       used 20726K, capacity 21202K, committed 21296K, reserved 1067008K
  class space    used 3001K, capacity 3165K, committed 3200K, reserved 1048576K
}
Event: 3.337 GC heap before
{Heap before GC invocations=6 (full 1):
 PSYoungGen      total 125440K, used 4596K [0x00000000e0000000, 0x00000000f0400000, 0x0000000100000000)
  eden space 120832K, 0% used [0x00000000e0000000,0x00000000e0000000,0x00000000e7600000)
  from space 4608K, 99% used [0x00000000e7600000,0x00000000e7a7d040,0x00000000e7a80000)
  to   space 12288K, 0% used [0x00000000ef800000,0x00000000ef800000,0x00000000f0400000)
 ParOldGen       total 79360K, used 12672K [0x00000000a0000000, 0x00000000a4d80000, 0x00000000e0000000)
  object space 79360K, 15% used [0x00000000a0000000,0x00000000a0c60238,0x00000000a4d80000)
 Metaspace       used 20726K, capacity 21202K, committed 21296K, reserved 1067008K
  class space    used 3001K, capacity 3165K, committed 3200K, reserved 1048576K
Event: 3.381 GC heap after
Heap after GC invocations=6 (full 1):
 PSYoungGen      total 125440K, used 0K [0x00000000e0000000, 0x00000000f0400000, 0x0000000100000000)
  eden space 120832K, 0% used [0x00000000e0000000,0x00000000e0000000,0x00000000e7600000)
  from space 4608K, 0% used [0x00000000e7600000,0x00000000e7600000,0x00000000e7a80000)
  to   space 12288K, 0% used [0x00000000ef800000,0x00000000ef800000,0x00000000f0400000)
 ParOldGen       total 56832K, used 8437K [0x00000000a0000000, 0x00000000a3780000, 0x00000000e0000000)
  object space 56832K, 14% used [0x00000000a0000000,0x00000000a083d560,0x00000000a3780000)
 Metaspace       used 20726K, capacity 21202K, committed 21296K, reserved 1067008K
  class space    used 3001K, capacity 3165K, committed 3200K, reserved 1048576K
}
Event: 4.867 GC heap before
{Heap before GC invocations=7 (full 1):
 PSYoungGen      total 125440K, used 120832K [0x00000000e0000000, 0x00000000f0400000, 0x0000000100000000)
  eden space 120832K, 100% used [0x00000000e0000000,0x00000000e7600000,0x00000000e7600000)
  from space 4608K, 0% used [0x00000000e7600000,0x00000000e7600000,0x00000000e7a80000)
  to   space 12288K, 0% used [0x00000000ef800000,0x00000000ef800000,0x00000000f0400000)
 ParOldGen       total 56832K, used 8437K [0x00000000a0000000, 0x00000000a3780000, 0x00000000e0000000)
  object space 56832K, 14% used [0x00000000a0000000,0x00000000a083d560,0x00000000a3780000)
 Metaspace       used 31524K, capacity 32116K, committed 32256K, reserved 1077248K
  class space    used 4323K, capacity 4559K, committed 4608K, reserved 1048576K
Event: 4.888 GC heap after
Heap after GC invocations=7 (full 1):
 PSYoungGen      total 206848K, used 11843K [0x00000000e0000000, 0x00000000f0400000, 0x0000000100000000)
  eden space 194560K, 0% used [0x00000000e0000000,0x00000000e0000000,0x00000000ebe00000)
  from space 12288K, 96% used [0x00000000ef800000,0x00000000f0390c30,0x00000000f0400000)
  to   space 14336K, 0% used [0x00000000ee800000,0x00000000ee800000,0x00000000ef600000)
 ParOldGen       total 56832K, used 8445K [0x00000000a0000000, 0x00000000a3780000, 0x00000000e0000000)
  object space 56832K, 14% used [0x00000000a0000000,0x00000000a083f560,0x00000000a3780000)
 Metaspace       used 31524K, capacity 32116K, committed 32256K, reserved 1077248K
  class space    used 4323K, capacity 4559K, committed 4608K, reserved 1048576K
}
Event: 6.126 GC heap before
{Heap before GC invocations=8 (full 1):
 PSYoungGen      total 206848K, used 83599K [0x00000000e0000000, 0x00000000f0400000, 0x0000000100000000)
  eden space 194560K, 36% used [0x00000000e0000000,0x00000000e4613328,0x00000000ebe00000)
  from space 12288K, 96% used [0x00000000ef800000,0x00000000f0390c30,0x00000000f0400000)
  to   space 14336K, 0% used [0x00000000ee800000,0x00000000ee800000,0x00000000ef600000)
 ParOldGen       total 56832K, used 8445K [0x00000000a0000000, 0x00000000a3780000, 0x00000000e0000000)
  object space 56832K, 14% used [0x00000000a0000000,0x00000000a083f560,0x00000000a3780000)
 Metaspace       used 34649K, capacity 35458K, committed 35496K, reserved 1079296K
  class space    used 4758K, capacity 4994K, committed 5032K, reserved 1048576K
Event: 6.159 GC heap after
Heap after GC invocations=8 (full 1):
 PSYoungGen      total 208896K, used 10210K [0x00000000e0000000, 0x00000000f0400000, 0x0000000100000000)
  eden space 194560K, 0% used [0x00000000e0000000,0x00000000e0000000,0x00000000ebe00000)
  from space 14336K, 71% used [0x00000000ee800000,0x00000000ef1f8a60,0x00000000ef600000)
  to   space 12288K, 0% used [0x00000000ef800000,0x00000000ef800000,0x00000000f0400000)
 ParOldGen       total 56832K, used 8453K [0x00000000a0000000, 0x00000000a3780000, 0x00000000e0000000)
  object space 56832K, 14% used [0x00000000a0000000,0x00000000a0841560,0x00000000a3780000)
 Metaspace       used 34649K, capacity 35458K, committed 35496K, reserved 1079296K
  class space    used 4758K, capacity 4994K, committed 5032K, reserved 1048576K
}
Event: 6.159 GC heap before
{Heap before GC invocations=9 (full 2):
 PSYoungGen      total 208896K, used 10210K [0x00000000e0000000, 0x00000000f0400000, 0x0000000100000000)
  eden space 194560K, 0% used [0x00000000e0000000,0x00000000e0000000,0x00000000ebe00000)
  from space 14336K, 71% used [0x00000000ee800000,0x00000000ef1f8a60,0x00000000ef600000)
  to   space 12288K, 0% used [0x00000000ef800000,0x00000000ef800000,0x00000000f0400000)
 ParOldGen       total 56832K, used 8453K [0x00000000a0000000, 0x00000000a3780000, 0x00000000e0000000)
  object space 56832K, 14% used [0x00000000a0000000,0x00000000a0841560,0x00000000a3780000)
 Metaspace       used 34649K, capacity 35458K, committed 35496K, reserved 1079296K
  class space    used 4758K, capacity 4994K, committed 5032K, reserved 1048576K
Event: 6.262 GC heap after
Heap after GC invocations=9 (full 2):
 PSYoungGen      total 208896K, used 0K [0x00000000e0000000, 0x00000000f0400000, 0x0000000100000000)
  eden space 194560K, 0% used [0x00000000e0000000,0x00000000e0000000,0x00000000ebe00000)
  from space 14336K, 0% used [0x00000000ee800000,0x00000000ee800000,0x00000000ef600000)
  to   space 12288K, 0% used [0x00000000ef800000,0x00000000ef800000,0x00000000f0400000)
 ParOldGen       total 87040K, used 16921K [0x00000000a0000000, 0x00000000a5500000, 0x00000000e0000000)
  object space 87040K, 19% used [0x00000000a0000000,0x00000000a1086558,0x00000000a5500000)
 Metaspace       used 34647K, capacity 35452K, committed 35496K, reserved 1079296K
  class space    used 4757K, capacity 4993K, committed 5032K, reserved 1048576K
}

